{"/Users/anthonymartin/Documents/projects/pubsub/src/subscription.service.ts": {"path":"/Users/anthonymartin/Documents/projects/pubsub/src/subscription.service.ts","statementMap":{"0":{"start":{"line":2,"column":0},"end":{"line":2,"column":31}},"1":{"start":{"line":3,"column":0},"end":{"line":3,"column":26}},"2":{"start":{"line":9,"column":4},"end":{"line":9,"column":56}},"3":{"start":{"line":10,"column":4},"end":{"line":10,"column":72}},"4":{"start":{"line":11,"column":4},"end":{"line":11,"column":71}},"5":{"start":{"line":14,"column":4},"end":{"line":16,"column":null}},"6":{"start":{"line":15,"column":6},"end":{"line":15,"column":81}},"7":{"start":{"line":19,"column":26},"end":{"line":19,"column":64}},"8":{"start":{"line":20,"column":4},"end":{"line":24,"column":null}},"9":{"start":{"line":21,"column":6},"end":{"line":21,"column":61}},"10":{"start":{"line":22,"column":6},"end":{"line":22,"column":26}},"11":{"start":{"line":23,"column":6},"end":{"line":23,"column":33}},"12":{"start":{"line":27,"column":4},"end":{"line":29,"column":null}},"13":{"start":{"line":28,"column":6},"end":{"line":28,"column":47}},"14":{"start":{"line":30,"column":16},"end":{"line":30,"column":69}},"15":{"start":{"line":31,"column":32},"end":{"line":31,"column":95}},"16":{"start":{"line":32,"column":30},"end":{"line":32,"column":88}},"17":{"start":{"line":33,"column":4},"end":{"line":39,"column":null}},"18":{"start":{"line":34,"column":6},"end":{"line":34,"column":61}},"19":{"start":{"line":35,"column":11},"end":{"line":39,"column":null}},"20":{"start":{"line":36,"column":6},"end":{"line":36,"column":56}},"21":{"start":{"line":38,"column":6},"end":{"line":38,"column":47}},"22":{"start":{"line":40,"column":4},"end":{"line":40,"column":33}},"23":{"start":{"line":41,"column":4},"end":{"line":41,"column":30}},"24":{"start":{"line":44,"column":4},"end":{"line":48,"column":7}},"25":{"start":{"line":45,"column":6},"end":{"line":47,"column":null}},"26":{"start":{"line":46,"column":8},"end":{"line":46,"column":81}},"27":{"start":{"line":51,"column":30},"end":{"line":51,"column":98}},"28":{"start":{"line":51,"column":69},"end":{"line":51,"column":96}},"29":{"start":{"line":52,"column":4},"end":{"line":55,"column":null}},"30":{"start":{"line":53,"column":25},"end":{"line":53,"column":59}},"31":{"start":{"line":54,"column":6},"end":{"line":54,"column":50}},"32":{"start":{"line":58,"column":4},"end":{"line":58,"column":129}},"33":{"start":{"line":58,"column":90},"end":{"line":58,"column":127}},"34":{"start":{"line":61,"column":28},"end":{"line":61,"column":45}},"35":{"start":{"line":62,"column":4},"end":{"line":64,"column":null}},"36":{"start":{"line":63,"column":6},"end":{"line":63,"column":96}},"37":{"start":{"line":65,"column":26},"end":{"line":65,"column":57}},"38":{"start":{"line":66,"column":4},"end":{"line":74,"column":7}},"39":{"start":{"line":67,"column":31},"end":{"line":67,"column":112}},"40":{"start":{"line":68,"column":6},"end":{"line":73,"column":null}},"41":{"start":{"line":69,"column":27},"end":{"line":69,"column":62}},"42":{"start":{"line":70,"column":8},"end":{"line":70,"column":52}},"43":{"start":{"line":72,"column":8},"end":{"line":72,"column":77}},"44":{"start":{"line":77,"column":4},"end":{"line":77,"column":59}},"45":{"start":{"line":6,"column":16},"end":{"line":6,"column":59}},"46":{"start":{"line":7,"column":16},"end":{"line":7,"column":51}},"47":{"start":{"line":5,"column":0},"end":{"line":5,"column":21}}},"fnMap":{"0":{"name":"(anonymous_0)","decl":{"start":{"line":8,"column":2},"end":{"line":8,"column":null}},"loc":{"start":{"line":8,"column":2},"end":{"line":12,"column":3}}},"1":{"name":"(anonymous_1)","decl":{"start":{"line":13,"column":12},"end":{"line":13,"column":26}},"loc":{"start":{"line":13,"column":43},"end":{"line":17,"column":3}}},"2":{"name":"(anonymous_2)","decl":{"start":{"line":18,"column":9},"end":{"line":18,"column":15}},"loc":{"start":{"line":18,"column":58},"end":{"line":25,"column":3}}},"3":{"name":"(anonymous_3)","decl":{"start":{"line":26,"column":9},"end":{"line":26,"column":15}},"loc":{"start":{"line":26,"column":32},"end":{"line":42,"column":3}}},"4":{"name":"(anonymous_4)","decl":{"start":{"line":43,"column":12},"end":{"line":43,"column":18}},"loc":{"start":{"line":43,"column":40},"end":{"line":49,"column":3}}},"5":{"name":"(anonymous_5)","decl":{"start":{"line":44,"column":31},"end":{"line":44,"column":32}},"loc":{"start":{"line":44,"column":48},"end":{"line":48,"column":5}}},"6":{"name":"(anonymous_6)","decl":{"start":{"line":50,"column":12},"end":{"line":50,"column":18}},"loc":{"start":{"line":50,"column":53},"end":{"line":56,"column":3}}},"7":{"name":"(anonymous_7)","decl":{"start":{"line":51,"column":57},"end":{"line":51,"column":58}},"loc":{"start":{"line":51,"column":66},"end":{"line":51,"column":97}}},"8":{"name":"(anonymous_8)","decl":{"start":{"line":57,"column":12},"end":{"line":57,"column":18}},"loc":{"start":{"line":57,"column":67},"end":{"line":59,"column":3}}},"9":{"name":"(anonymous_9)","decl":{"start":{"line":58,"column":72},"end":{"line":58,"column":73}},"loc":{"start":{"line":58,"column":90},"end":{"line":58,"column":127}}},"10":{"name":"(anonymous_10)","decl":{"start":{"line":60,"column":12},"end":{"line":60,"column":18}},"loc":{"start":{"line":60,"column":53},"end":{"line":75,"column":3}}},"11":{"name":"(anonymous_11)","decl":{"start":{"line":66,"column":39},"end":{"line":66,"column":40}},"loc":{"start":{"line":66,"column":47},"end":{"line":74,"column":5}}},"12":{"name":"(anonymous_12)","decl":{"start":{"line":76,"column":9},"end":{"line":76,"column":15}},"loc":{"start":{"line":76,"column":22},"end":{"line":78,"column":3}}}},"branchMap":{"0":{"loc":{"start":{"line":14,"column":4},"end":{"line":16,"column":null}},"type":"if","locations":[{"start":{"line":14,"column":4},"end":{"line":16,"column":null}},{"start":{"line":14,"column":4},"end":{"line":16,"column":null}}]},"1":{"loc":{"start":{"line":14,"column":8},"end":{"line":14,"column":40}},"type":"binary-expr","locations":[{"start":{"line":14,"column":8},"end":{"line":14,"column":40}},{"start":{"line":14,"column":44},"end":{"line":14,"column":75}},{"start":{"line":14,"column":79},"end":{"line":14,"column":101}}]},"2":{"loc":{"start":{"line":18,"column":54},"end":{"line":18,"column":58}},"type":"default-arg","locations":[{"start":{"line":18,"column":54},"end":{"line":18,"column":58}}]},"3":{"loc":{"start":{"line":27,"column":4},"end":{"line":29,"column":null}},"type":"if","locations":[{"start":{"line":27,"column":4},"end":{"line":29,"column":null}},{"start":{"line":27,"column":4},"end":{"line":29,"column":null}}]},"4":{"loc":{"start":{"line":33,"column":4},"end":{"line":39,"column":null}},"type":"if","locations":[{"start":{"line":33,"column":4},"end":{"line":39,"column":null}},{"start":{"line":33,"column":4},"end":{"line":39,"column":null}}]},"5":{"loc":{"start":{"line":35,"column":11},"end":{"line":39,"column":null}},"type":"if","locations":[{"start":{"line":35,"column":11},"end":{"line":39,"column":null}},{"start":{"line":35,"column":11},"end":{"line":39,"column":null}}]},"6":{"loc":{"start":{"line":45,"column":6},"end":{"line":47,"column":null}},"type":"if","locations":[{"start":{"line":45,"column":6},"end":{"line":47,"column":null}},{"start":{"line":45,"column":6},"end":{"line":47,"column":null}}]},"7":{"loc":{"start":{"line":62,"column":4},"end":{"line":64,"column":null}},"type":"if","locations":[{"start":{"line":62,"column":4},"end":{"line":64,"column":null}},{"start":{"line":62,"column":4},"end":{"line":64,"column":null}}]},"8":{"loc":{"start":{"line":68,"column":6},"end":{"line":73,"column":null}},"type":"if","locations":[{"start":{"line":68,"column":6},"end":{"line":73,"column":null}},{"start":{"line":68,"column":6},"end":{"line":73,"column":null}}]}},"s":{"0":2,"1":2,"2":2,"3":2,"4":2,"5":6,"6":0,"7":2,"8":2,"9":2,"10":2,"11":2,"12":3,"13":1,"14":2,"15":2,"16":2,"17":2,"18":0,"19":2,"20":1,"21":1,"22":2,"23":2,"24":2,"25":2,"26":0,"27":1,"28":1,"29":1,"30":1,"31":1,"32":0,"33":0,"34":1,"35":1,"36":0,"37":1,"38":1,"39":1,"40":1,"41":1,"42":1,"43":0,"44":0,"45":2,"46":2,"47":2},"f":{"0":2,"1":6,"2":2,"3":3,"4":2,"5":2,"6":1,"7":1,"8":0,"9":0,"10":1,"11":1,"12":0},"b":{"0":[0,6],"1":[6,6,6],"2":[2],"3":[1,2],"4":[0,2],"5":[1,1],"6":[0,2],"7":[0,1],"8":[1,0]}}
}
