{"/Users/anthonymartin/Documents/projects/pubsub/__tests__/pubsub/subscriptions/example.subscription.ts": {"path":"/Users/anthonymartin/Documents/projects/pubsub/__tests__/pubsub/subscriptions/example.subscription.ts","statementMap":{"0":{"start":{"line":1,"column":0},"end":{"line":1,"column":50}},"1":{"start":{"line":4,"column":11},"end":{"line":4,"column":36}},"2":{"start":{"line":5,"column":11},"end":{"line":5,"column":56}},"3":{"start":{"line":6,"column":11},"end":{"line":6,"column":52}},"4":{"start":{"line":8,"column":24},"end":{"line":8,"column":59}},"5":{"start":{"line":9,"column":8},"end":{"line":9,"column":22}},"6":{"start":{"line":3,"column":0},"end":{"line":3,"column":21}}},"fnMap":{"0":{"name":"(anonymous_0)","decl":{"start":{"line":3,"column":0},"end":{"line":3,"column":21}},"loc":{"start":{"line":3,"column":0},"end":{"line":11,"column":1}}},"1":{"name":"(anonymous_1)","decl":{"start":{"line":7,"column":4},"end":{"line":7,"column":9}},"loc":{"start":{"line":7,"column":31},"end":{"line":10,"column":5}}}},"branchMap":{},"s":{"0":2,"1":3,"2":3,"3":3,"4":0,"5":0,"6":2},"f":{"0":3,"1":0},"b":{}}
,"/Users/anthonymartin/Documents/projects/pubsub/__tests__/pubsub/topics/example.topic.ts": {"path":"/Users/anthonymartin/Documents/projects/pubsub/__tests__/pubsub/topics/example.topic.ts","statementMap":{"0":{"start":{"line":1,"column":0},"end":{"line":1,"column":61}},"1":{"start":{"line":20,"column":18},"end":{"line":20,"column":41}},"2":{"start":{"line":19,"column":0},"end":{"line":19,"column":21}}},"fnMap":{"0":{"name":"(anonymous_0)","decl":{"start":{"line":19,"column":0},"end":{"line":19,"column":21}},"loc":{"start":{"line":19,"column":0},"end":{"line":21,"column":1}}}},"branchMap":{},"s":{"0":2,"1":2,"2":2},"f":{"0":2},"b":{}}
,"/Users/anthonymartin/Documents/projects/pubsub/src/index.ts": {"path":"/Users/anthonymartin/Documents/projects/pubsub/src/index.ts","statementMap":{"0":{"start":{"line":1,"column":0},"end":{"line":1,"column":7}},"1":{"start":{"line":6,"column":9},"end":{"line":1,"column":41}},"2":{"start":{"line":2,"column":0},"end":{"line":2,"column":7}},"3":{"start":{"line":6,"column":25},"end":{"line":2,"column":42}},"4":{"start":{"line":3,"column":0},"end":{"line":3,"column":7}},"5":{"start":{"line":6,"column":39},"end":{"line":3,"column":57}},"6":{"start":{"line":4,"column":0},"end":{"line":4,"column":9}},"7":{"start":{"line":6,"column":60},"end":{"line":4,"column":46}}},"fnMap":{},"branchMap":{},"s":{"0":3,"1":3,"2":3,"3":3,"4":3,"5":3,"6":3,"7":3},"f":{},"b":{}}
,"/Users/anthonymartin/Documents/projects/pubsub/src/pubsub.service.ts": {"path":"/Users/anthonymartin/Documents/projects/pubsub/src/pubsub.service.ts","statementMap":{"0":{"start":{"line":1,"column":0},"end":{"line":1,"column":62}},"1":{"start":{"line":2,"column":0},"end":{"line":2,"column":26}},"2":{"start":{"line":17,"column":4},"end":{"line":24,"column":null}},"3":{"start":{"line":21,"column":6},"end":{"line":23,"column":8}},"4":{"start":{"line":25,"column":4},"end":{"line":25,"column":78}},"5":{"start":{"line":27,"column":4},"end":{"line":27,"column":65}},"6":{"start":{"line":28,"column":4},"end":{"line":28,"column":47}},"7":{"start":{"line":32,"column":4},"end":{"line":34,"column":null}},"8":{"start":{"line":33,"column":6},"end":{"line":33,"column":51}},"9":{"start":{"line":35,"column":4},"end":{"line":35,"column":34}},"10":{"start":{"line":45,"column":4},"end":{"line":45,"column":34}},"11":{"start":{"line":48,"column":24},"end":{"line":48,"column":69}},"12":{"start":{"line":51,"column":4},"end":{"line":51,"column":42}},"13":{"start":{"line":52,"column":20},"end":{"line":53,"column":null}},"14":{"start":{"line":55,"column":4},"end":{"line":55,"column":21}},"15":{"start":{"line":59,"column":4},"end":{"line":59,"column":23}},"16":{"start":{"line":71,"column":4},"end":{"line":71,"column":41}},"17":{"start":{"line":72,"column":4},"end":{"line":72,"column":35}},"18":{"start":{"line":79,"column":4},"end":{"line":82,"column":6}},"19":{"start":{"line":84,"column":30},"end":{"line":89,"column":6}},"20":{"start":{"line":93,"column":31},"end":{"line":95,"column":null}},"21":{"start":{"line":98,"column":4},"end":{"line":102,"column":6}},"22":{"start":{"line":104,"column":4},"end":{"line":104,"column":65}},"23":{"start":{"line":114,"column":24},"end":{"line":114,"column":57}},"24":{"start":{"line":116,"column":4},"end":{"line":116,"column":48}},"25":{"start":{"line":118,"column":25},"end":{"line":118,"column":67}},"26":{"start":{"line":119,"column":21},"end":{"line":119,"column":48}},"27":{"start":{"line":121,"column":4},"end":{"line":126,"column":null}},"28":{"start":{"line":122,"column":6},"end":{"line":124,"column":8}},"29":{"start":{"line":125,"column":6},"end":{"line":125,"column":13}},"30":{"start":{"line":129,"column":4},"end":{"line":129,"column":59}},"31":{"start":{"line":130,"column":4},"end":{"line":130,"column":74}},"32":{"start":{"line":12,"column":0},"end":{"line":12,"column":21}}},"fnMap":{"0":{"name":"(anonymous_0)","decl":{"start":{"line":16,"column":2},"end":{"line":16,"column":null}},"loc":{"start":{"line":16,"column":2},"end":{"line":29,"column":3}}},"1":{"name":"(anonymous_1)","decl":{"start":{"line":31,"column":9},"end":{"line":31,"column":15}},"loc":{"start":{"line":31,"column":27},"end":{"line":36,"column":3}}},"2":{"name":"(anonymous_2)","decl":{"start":{"line":41,"column":9},"end":{"line":41,"column":14}},"loc":{"start":{"line":43,"column":14},"end":{"line":56,"column":3}}},"3":{"name":"(anonymous_3)","decl":{"start":{"line":58,"column":12},"end":{"line":58,"column":21}},"loc":{"start":{"line":58,"column":21},"end":{"line":60,"column":3}}},"4":{"name":"(anonymous_4)","decl":{"start":{"line":67,"column":12},"end":{"line":67,"column":20}},"loc":{"start":{"line":69,"column":14},"end":{"line":73,"column":3}}},"5":{"name":"(anonymous_5)","decl":{"start":{"line":78,"column":9},"end":{"line":78,"column":14}},"loc":{"start":{"line":78,"column":51},"end":{"line":105,"column":3}}},"6":{"name":"(anonymous_6)","decl":{"start":{"line":110,"column":12},"end":{"line":110,"column":17}},"loc":{"start":{"line":112,"column":28},"end":{"line":131,"column":3}}}},"branchMap":{"0":{"loc":{"start":{"line":17,"column":4},"end":{"line":24,"column":null}},"type":"if","locations":[{"start":{"line":17,"column":4},"end":{"line":24,"column":null}},{"start":{"line":17,"column":4},"end":{"line":24,"column":null}}]},"1":{"loc":{"start":{"line":18,"column":6},"end":{"line":18,"column":50}},"type":"binary-expr","locations":[{"start":{"line":18,"column":6},"end":{"line":18,"column":50}},{"start":{"line":19,"column":6},"end":{"line":19,"column":49}}]},"2":{"loc":{"start":{"line":32,"column":4},"end":{"line":34,"column":null}},"type":"if","locations":[{"start":{"line":32,"column":4},"end":{"line":34,"column":null}},{"start":{"line":32,"column":4},"end":{"line":34,"column":null}}]},"3":{"loc":{"start":{"line":121,"column":4},"end":{"line":126,"column":null}},"type":"if","locations":[{"start":{"line":121,"column":4},"end":{"line":126,"column":null}},{"start":{"line":121,"column":4},"end":{"line":126,"column":null}}]}},"s":{"0":1,"1":1,"2":2,"3":0,"4":2,"5":2,"6":2,"7":2,"8":1,"9":2,"10":1,"11":1,"12":1,"13":1,"14":1,"15":3,"16":1,"17":1,"18":2,"19":2,"20":2,"21":2,"22":2,"23":2,"24":2,"25":2,"26":2,"27":2,"28":0,"29":0,"30":2,"31":2,"32":1},"f":{"0":2,"1":2,"2":1,"3":3,"4":1,"5":2,"6":2},"b":{"0":[0,2],"1":[2,2],"2":[1,1],"3":[0,2]}}
,"/Users/anthonymartin/Documents/projects/pubsub/src/subscription.service.ts": {"path":"/Users/anthonymartin/Documents/projects/pubsub/src/subscription.service.ts","statementMap":{"0":{"start":{"line":2,"column":0},"end":{"line":2,"column":31}},"1":{"start":{"line":3,"column":0},"end":{"line":3,"column":26}},"2":{"start":{"line":9,"column":4},"end":{"line":9,"column":56}},"3":{"start":{"line":10,"column":4},"end":{"line":10,"column":72}},"4":{"start":{"line":11,"column":4},"end":{"line":11,"column":71}},"5":{"start":{"line":14,"column":4},"end":{"line":16,"column":null}},"6":{"start":{"line":15,"column":6},"end":{"line":15,"column":81}},"7":{"start":{"line":19,"column":26},"end":{"line":19,"column":64}},"8":{"start":{"line":20,"column":4},"end":{"line":24,"column":null}},"9":{"start":{"line":21,"column":6},"end":{"line":21,"column":61}},"10":{"start":{"line":22,"column":6},"end":{"line":22,"column":26}},"11":{"start":{"line":23,"column":6},"end":{"line":23,"column":27}},"12":{"start":{"line":27,"column":4},"end":{"line":29,"column":null}},"13":{"start":{"line":28,"column":6},"end":{"line":28,"column":47}},"14":{"start":{"line":30,"column":16},"end":{"line":30,"column":69}},"15":{"start":{"line":31,"column":32},"end":{"line":31,"column":95}},"16":{"start":{"line":32,"column":30},"end":{"line":32,"column":88}},"17":{"start":{"line":33,"column":4},"end":{"line":39,"column":null}},"18":{"start":{"line":34,"column":6},"end":{"line":34,"column":61}},"19":{"start":{"line":35,"column":11},"end":{"line":39,"column":null}},"20":{"start":{"line":36,"column":6},"end":{"line":36,"column":56}},"21":{"start":{"line":38,"column":6},"end":{"line":38,"column":47}},"22":{"start":{"line":40,"column":4},"end":{"line":40,"column":33}},"23":{"start":{"line":41,"column":4},"end":{"line":41,"column":30}},"24":{"start":{"line":44,"column":4},"end":{"line":48,"column":7}},"25":{"start":{"line":45,"column":6},"end":{"line":47,"column":null}},"26":{"start":{"line":46,"column":8},"end":{"line":46,"column":81}},"27":{"start":{"line":51,"column":30},"end":{"line":51,"column":98}},"28":{"start":{"line":51,"column":69},"end":{"line":51,"column":96}},"29":{"start":{"line":52,"column":4},"end":{"line":55,"column":null}},"30":{"start":{"line":53,"column":25},"end":{"line":53,"column":59}},"31":{"start":{"line":54,"column":6},"end":{"line":54,"column":50}},"32":{"start":{"line":58,"column":4},"end":{"line":58,"column":129}},"33":{"start":{"line":58,"column":90},"end":{"line":58,"column":127}},"34":{"start":{"line":61,"column":28},"end":{"line":61,"column":45}},"35":{"start":{"line":62,"column":4},"end":{"line":64,"column":null}},"36":{"start":{"line":63,"column":6},"end":{"line":63,"column":96}},"37":{"start":{"line":65,"column":26},"end":{"line":65,"column":57}},"38":{"start":{"line":66,"column":4},"end":{"line":74,"column":7}},"39":{"start":{"line":67,"column":31},"end":{"line":67,"column":112}},"40":{"start":{"line":68,"column":6},"end":{"line":73,"column":null}},"41":{"start":{"line":69,"column":27},"end":{"line":69,"column":62}},"42":{"start":{"line":70,"column":8},"end":{"line":70,"column":52}},"43":{"start":{"line":72,"column":8},"end":{"line":72,"column":77}},"44":{"start":{"line":6,"column":16},"end":{"line":6,"column":59}},"45":{"start":{"line":7,"column":16},"end":{"line":7,"column":51}},"46":{"start":{"line":5,"column":0},"end":{"line":5,"column":21}}},"fnMap":{"0":{"name":"(anonymous_0)","decl":{"start":{"line":8,"column":2},"end":{"line":8,"column":null}},"loc":{"start":{"line":8,"column":2},"end":{"line":12,"column":3}}},"1":{"name":"(anonymous_1)","decl":{"start":{"line":13,"column":12},"end":{"line":13,"column":26}},"loc":{"start":{"line":13,"column":43},"end":{"line":17,"column":3}}},"2":{"name":"(anonymous_2)","decl":{"start":{"line":18,"column":9},"end":{"line":18,"column":15}},"loc":{"start":{"line":18,"column":52},"end":{"line":25,"column":3}}},"3":{"name":"(anonymous_3)","decl":{"start":{"line":26,"column":9},"end":{"line":26,"column":15}},"loc":{"start":{"line":26,"column":32},"end":{"line":42,"column":3}}},"4":{"name":"(anonymous_4)","decl":{"start":{"line":43,"column":12},"end":{"line":43,"column":18}},"loc":{"start":{"line":43,"column":40},"end":{"line":49,"column":3}}},"5":{"name":"(anonymous_5)","decl":{"start":{"line":44,"column":31},"end":{"line":44,"column":32}},"loc":{"start":{"line":44,"column":48},"end":{"line":48,"column":5}}},"6":{"name":"(anonymous_6)","decl":{"start":{"line":50,"column":12},"end":{"line":50,"column":18}},"loc":{"start":{"line":50,"column":53},"end":{"line":56,"column":3}}},"7":{"name":"(anonymous_7)","decl":{"start":{"line":51,"column":57},"end":{"line":51,"column":58}},"loc":{"start":{"line":51,"column":66},"end":{"line":51,"column":97}}},"8":{"name":"(anonymous_8)","decl":{"start":{"line":57,"column":12},"end":{"line":57,"column":18}},"loc":{"start":{"line":57,"column":67},"end":{"line":59,"column":3}}},"9":{"name":"(anonymous_9)","decl":{"start":{"line":58,"column":72},"end":{"line":58,"column":73}},"loc":{"start":{"line":58,"column":90},"end":{"line":58,"column":127}}},"10":{"name":"(anonymous_10)","decl":{"start":{"line":60,"column":12},"end":{"line":60,"column":18}},"loc":{"start":{"line":60,"column":53},"end":{"line":75,"column":3}}},"11":{"name":"(anonymous_11)","decl":{"start":{"line":66,"column":39},"end":{"line":66,"column":40}},"loc":{"start":{"line":66,"column":47},"end":{"line":74,"column":5}}}},"branchMap":{"0":{"loc":{"start":{"line":14,"column":4},"end":{"line":16,"column":null}},"type":"if","locations":[{"start":{"line":14,"column":4},"end":{"line":16,"column":null}},{"start":{"line":14,"column":4},"end":{"line":16,"column":null}}]},"1":{"loc":{"start":{"line":14,"column":8},"end":{"line":14,"column":40}},"type":"binary-expr","locations":[{"start":{"line":14,"column":8},"end":{"line":14,"column":40}},{"start":{"line":14,"column":44},"end":{"line":14,"column":75}},{"start":{"line":14,"column":79},"end":{"line":14,"column":101}}]},"2":{"loc":{"start":{"line":18,"column":48},"end":{"line":18,"column":52}},"type":"default-arg","locations":[{"start":{"line":18,"column":48},"end":{"line":18,"column":52}}]},"3":{"loc":{"start":{"line":27,"column":4},"end":{"line":29,"column":null}},"type":"if","locations":[{"start":{"line":27,"column":4},"end":{"line":29,"column":null}},{"start":{"line":27,"column":4},"end":{"line":29,"column":null}}]},"4":{"loc":{"start":{"line":33,"column":4},"end":{"line":39,"column":null}},"type":"if","locations":[{"start":{"line":33,"column":4},"end":{"line":39,"column":null}},{"start":{"line":33,"column":4},"end":{"line":39,"column":null}}]},"5":{"loc":{"start":{"line":35,"column":11},"end":{"line":39,"column":null}},"type":"if","locations":[{"start":{"line":35,"column":11},"end":{"line":39,"column":null}},{"start":{"line":35,"column":11},"end":{"line":39,"column":null}}]},"6":{"loc":{"start":{"line":45,"column":6},"end":{"line":47,"column":null}},"type":"if","locations":[{"start":{"line":45,"column":6},"end":{"line":47,"column":null}},{"start":{"line":45,"column":6},"end":{"line":47,"column":null}}]},"7":{"loc":{"start":{"line":62,"column":4},"end":{"line":64,"column":null}},"type":"if","locations":[{"start":{"line":62,"column":4},"end":{"line":64,"column":null}},{"start":{"line":62,"column":4},"end":{"line":64,"column":null}}]},"8":{"loc":{"start":{"line":68,"column":6},"end":{"line":73,"column":null}},"type":"if","locations":[{"start":{"line":68,"column":6},"end":{"line":73,"column":null}},{"start":{"line":68,"column":6},"end":{"line":73,"column":null}}]}},"s":{"0":5,"1":5,"2":5,"3":5,"4":5,"5":15,"6":0,"7":2,"8":2,"9":2,"10":2,"11":2,"12":3,"13":1,"14":2,"15":2,"16":2,"17":2,"18":0,"19":2,"20":1,"21":1,"22":2,"23":2,"24":2,"25":2,"26":0,"27":1,"28":2,"29":1,"30":1,"31":1,"32":0,"33":0,"34":1,"35":1,"36":0,"37":1,"38":1,"39":1,"40":1,"41":1,"42":1,"43":0,"44":5,"45":5,"46":5},"f":{"0":5,"1":15,"2":2,"3":3,"4":2,"5":2,"6":1,"7":2,"8":0,"9":0,"10":1,"11":1},"b":{"0":[0,15],"1":[15,15,15],"2":[2],"3":[1,2],"4":[0,2],"5":[1,1],"6":[0,2],"7":[0,1],"8":[1,0]}}
,"/Users/anthonymartin/Documents/projects/pubsub/src/subscription.ts": {"path":"/Users/anthonymartin/Documents/projects/pubsub/src/subscription.ts","statementMap":{"0":{"start":{"line":2,"column":0},"end":{"line":2,"column":45}},"1":{"start":{"line":15,"column":9},"end":{"line":15,"column":32}},"2":{"start":{"line":16,"column":9},"end":{"line":16,"column":39}},"3":{"start":{"line":17,"column":9},"end":{"line":17,"column":34}},"4":{"start":{"line":20,"column":12},"end":{"line":20,"column":28}},"5":{"start":{"line":27,"column":12},"end":{"line":27,"column":44}},"6":{"start":{"line":30,"column":4},"end":{"line":30,"column":53}},"7":{"start":{"line":31,"column":4},"end":{"line":31,"column":55}},"8":{"start":{"line":32,"column":4},"end":{"line":32,"column":39}},"9":{"start":{"line":36,"column":4},"end":{"line":36,"column":41}},"10":{"start":{"line":37,"column":4},"end":{"line":37,"column":16}},"11":{"start":{"line":40,"column":4},"end":{"line":40,"column":39}},"12":{"start":{"line":45,"column":4},"end":{"line":45,"column":12}},"13":{"start":{"line":48,"column":4},"end":{"line":48,"column":28}},"14":{"start":{"line":51,"column":4},"end":{"line":51,"column":35}},"15":{"start":{"line":54,"column":4},"end":{"line":54,"column":28}},"16":{"start":{"line":57,"column":4},"end":{"line":57,"column":26}},"17":{"start":{"line":60,"column":4},"end":{"line":60,"column":33}},"18":{"start":{"line":14,"column":0},"end":{"line":14,"column":30}}},"fnMap":{"0":{"name":"(anonymous_0)","decl":{"start":{"line":29,"column":2},"end":{"line":29,"column":null}},"loc":{"start":{"line":29,"column":2},"end":{"line":33,"column":3}}},"1":{"name":"(anonymous_1)","decl":{"start":{"line":35,"column":9},"end":{"line":35,"column":30}},"loc":{"start":{"line":35,"column":46},"end":{"line":38,"column":3}}},"2":{"name":"(anonymous_2)","decl":{"start":{"line":39,"column":9},"end":{"line":39,"column":14}},"loc":{"start":{"line":39,"column":20},"end":{"line":41,"column":3}}},"3":{"name":"(anonymous_3)","decl":{"start":{"line":42,"column":9},"end":{"line":42,"column":13}},"loc":{"start":{"line":42,"column":13},"end":{"line":42,"column":24}}},"4":{"name":"(anonymous_4)","decl":{"start":{"line":44,"column":9},"end":{"line":44,"column":22}},"loc":{"start":{"line":44,"column":39},"end":{"line":46,"column":3}}},"5":{"name":"(anonymous_5)","decl":{"start":{"line":47,"column":9},"end":{"line":47,"column":23}},"loc":{"start":{"line":47,"column":23},"end":{"line":49,"column":3}}},"6":{"name":"(anonymous_6)","decl":{"start":{"line":50,"column":9},"end":{"line":50,"column":30}},"loc":{"start":{"line":50,"column":30},"end":{"line":52,"column":3}}},"7":{"name":"(anonymous_7)","decl":{"start":{"line":53,"column":9},"end":{"line":53,"column":23}},"loc":{"start":{"line":53,"column":23},"end":{"line":55,"column":3}}},"8":{"name":"(anonymous_8)","decl":{"start":{"line":56,"column":9},"end":{"line":56,"column":21}},"loc":{"start":{"line":56,"column":21},"end":{"line":58,"column":3}}},"9":{"name":"(anonymous_9)","decl":{"start":{"line":59,"column":9},"end":{"line":59,"column":28}},"loc":{"start":{"line":59,"column":28},"end":{"line":61,"column":3}}}},"branchMap":{},"s":{"0":3,"1":3,"2":3,"3":3,"4":3,"5":3,"6":3,"7":3,"8":3,"9":0,"10":0,"11":1,"12":0,"13":5,"14":3,"15":1,"16":3,"17":7,"18":3},"f":{"0":3,"1":0,"2":1,"3":0,"4":0,"5":5,"6":3,"7":1,"8":3,"9":7},"b":{}}
,"/Users/anthonymartin/Documents/projects/pubsub/src/topic.ts": {"path":"/Users/anthonymartin/Documents/projects/pubsub/src/topic.ts","statementMap":{"0":{"start":{"line":1,"column":0},"end":{"line":1,"column":45}},"1":{"start":{"line":24,"column":18},"end":{"line":24,"column":36}},"2":{"start":{"line":27,"column":4},"end":{"line":27,"column":42}},"3":{"start":{"line":37,"column":4},"end":{"line":37,"column":12}},"4":{"start":{"line":41,"column":4},"end":{"line":41,"column":39}},"5":{"start":{"line":42,"column":4},"end":{"line":42,"column":34}},"6":{"start":{"line":43,"column":4},"end":{"line":43,"column":50}},"7":{"start":{"line":44,"column":4},"end":{"line":44,"column":35}},"8":{"start":{"line":48,"column":4},"end":{"line":48,"column":21}},"9":{"start":{"line":52,"column":4},"end":{"line":54,"column":null}},"10":{"start":{"line":53,"column":6},"end":{"line":53,"column":45}},"11":{"start":{"line":23,"column":0},"end":{"line":23,"column":21}}},"fnMap":{"0":{"name":"(anonymous_0)","decl":{"start":{"line":26,"column":2},"end":{"line":26,"column":null}},"loc":{"start":{"line":26,"column":2},"end":{"line":28,"column":3}}},"1":{"name":"(anonymous_1)","decl":{"start":{"line":33,"column":9},"end":{"line":33,"column":24}},"loc":{"start":{"line":35,"column":20},"end":{"line":38,"column":3}}},"2":{"name":"(anonymous_2)","decl":{"start":{"line":40,"column":9},"end":{"line":40,"column":14}},"loc":{"start":{"line":40,"column":52},"end":{"line":45,"column":3}}},"3":{"name":"(anonymous_3)","decl":{"start":{"line":47,"column":9},"end":{"line":47,"column":16}},"loc":{"start":{"line":47,"column":16},"end":{"line":49,"column":3}}},"4":{"name":"(anonymous_4)","decl":{"start":{"line":51,"column":9},"end":{"line":51,"column":22}},"loc":{"start":{"line":51,"column":35},"end":{"line":55,"column":3}}}},"branchMap":{"0":{"loc":{"start":{"line":52,"column":4},"end":{"line":54,"column":null}},"type":"if","locations":[{"start":{"line":52,"column":4},"end":{"line":54,"column":null}},{"start":{"line":52,"column":4},"end":{"line":54,"column":null}}]},"1":{"loc":{"start":{"line":52,"column":8},"end":{"line":52,"column":13}},"type":"binary-expr","locations":[{"start":{"line":52,"column":8},"end":{"line":52,"column":13}},{"start":{"line":52,"column":17},"end":{"line":52,"column":33}}]}},"s":{"0":3,"1":2,"2":2,"3":2,"4":1,"5":1,"6":1,"7":1,"8":3,"9":2,"10":0,"11":3},"f":{"0":2,"1":2,"2":1,"3":3,"4":2},"b":{"0":[0,2],"1":[2,2]}}
}
