TN:
SF:/Users/anthonymartin/Documents/projects/pubsub/src/subscription.service.ts
FN:8,(anonymous_0)
FN:13,(anonymous_1)
FN:18,(anonymous_2)
FN:26,(anonymous_3)
FN:43,(anonymous_4)
FN:44,(anonymous_5)
FN:50,(anonymous_6)
FN:51,(anonymous_7)
FN:57,(anonymous_8)
FN:58,(anonymous_9)
FN:60,(anonymous_10)
FN:66,(anonymous_11)
FN:76,(anonymous_12)
FNF:13
FNH:10
FNDA:2,(anonymous_0)
FNDA:6,(anonymous_1)
FNDA:2,(anonymous_2)
FNDA:3,(anonymous_3)
FNDA:2,(anonymous_4)
FNDA:2,(anonymous_5)
FNDA:1,(anonymous_6)
FNDA:1,(anonymous_7)
FNDA:0,(anonymous_8)
FNDA:0,(anonymous_9)
FNDA:1,(anonymous_10)
FNDA:1,(anonymous_11)
FNDA:0,(anonymous_12)
DA:2,2
DA:3,2
DA:5,2
DA:6,2
DA:7,2
DA:9,2
DA:10,2
DA:11,2
DA:14,6
DA:15,0
DA:19,2
DA:20,2
DA:21,2
DA:22,2
DA:23,2
DA:27,3
DA:28,1
DA:30,2
DA:31,2
DA:32,2
DA:33,2
DA:34,0
DA:35,2
DA:36,1
DA:38,1
DA:40,2
DA:41,2
DA:44,2
DA:45,2
DA:46,0
DA:51,1
DA:52,1
DA:53,1
DA:54,1
DA:58,0
DA:61,1
DA:62,1
DA:63,0
DA:65,1
DA:66,1
DA:67,1
DA:68,1
DA:69,1
DA:70,1
DA:72,0
DA:77,0
LF:46
LH:39
BRDA:14,0,0,0
BRDA:14,0,1,6
BRDA:14,1,0,6
BRDA:14,1,1,6
BRDA:14,1,2,6
BRDA:18,2,0,2
BRDA:27,3,0,1
BRDA:27,3,1,2
BRDA:33,4,0,0
BRDA:33,4,1,2
BRDA:35,5,0,1
BRDA:35,5,1,1
BRDA:45,6,0,0
BRDA:45,6,1,2
BRDA:62,7,0,0
BRDA:62,7,1,1
BRDA:68,8,0,1
BRDA:68,8,1,0
BRF:18
BRH:13
end_of_record
