TN:
SF:/Users/anthonymartin/Documents/projects/pubsub/__tests__/pubsub/subscriptions/example.subscription.ts
FN:3,(anonymous_0)
FN:7,(anonymous_1)
FNF:2
FNH:1
FNDA:3,(anonymous_0)
FNDA:0,(anonymous_1)
DA:1,2
DA:3,2
DA:4,3
DA:5,3
DA:6,3
DA:8,0
DA:9,0
LF:7
LH:5
BRF:0
BRH:0
end_of_record
TN:
SF:/Users/anthonymartin/Documents/projects/pubsub/__tests__/pubsub/topics/example.topic.ts
FN:19,(anonymous_0)
FNF:1
FNH:1
FNDA:2,(anonymous_0)
DA:1,2
DA:19,2
DA:20,2
LF:3
LH:3
BRF:0
BRH:0
end_of_record
TN:
SF:/Users/anthonymartin/Documents/projects/pubsub/src/index.ts
FNF:0
FNH:0
DA:1,3
DA:2,3
DA:3,3
DA:4,3
DA:6,3
LF:5
LH:5
BRF:0
BRH:0
end_of_record
TN:
SF:/Users/anthonymartin/Documents/projects/pubsub/src/pubsub.service.ts
FN:16,(anonymous_0)
FN:31,(anonymous_1)
FN:41,(anonymous_2)
FN:58,(anonymous_3)
FN:67,(anonymous_4)
FN:78,(anonymous_5)
FN:110,(anonymous_6)
FNF:7
FNH:7
FNDA:2,(anonymous_0)
FNDA:2,(anonymous_1)
FNDA:1,(anonymous_2)
FNDA:3,(anonymous_3)
FNDA:1,(anonymous_4)
FNDA:2,(anonymous_5)
FNDA:2,(anonymous_6)
DA:1,1
DA:2,1
DA:12,1
DA:17,2
DA:21,0
DA:25,2
DA:27,2
DA:28,2
DA:32,2
DA:33,1
DA:35,2
DA:45,1
DA:48,1
DA:51,1
DA:52,1
DA:55,1
DA:59,3
DA:71,1
DA:72,1
DA:79,2
DA:84,2
DA:93,2
DA:98,2
DA:104,2
DA:114,2
DA:116,2
DA:118,2
DA:119,2
DA:121,2
DA:122,0
DA:125,0
DA:129,2
DA:130,2
LF:33
LH:30
BRDA:17,0,0,0
BRDA:17,0,1,2
BRDA:18,1,0,2
BRDA:18,1,1,2
BRDA:32,2,0,1
BRDA:32,2,1,1
BRDA:121,3,0,0
BRDA:121,3,1,2
BRF:8
BRH:6
end_of_record
TN:
SF:/Users/anthonymartin/Documents/projects/pubsub/src/subscription.service.ts
FN:8,(anonymous_0)
FN:13,(anonymous_1)
FN:18,(anonymous_2)
FN:26,(anonymous_3)
FN:43,(anonymous_4)
FN:44,(anonymous_5)
FN:50,(anonymous_6)
FN:51,(anonymous_7)
FN:57,(anonymous_8)
FN:58,(anonymous_9)
FN:60,(anonymous_10)
FN:66,(anonymous_11)
FNF:12
FNH:10
FNDA:5,(anonymous_0)
FNDA:15,(anonymous_1)
FNDA:2,(anonymous_2)
FNDA:3,(anonymous_3)
FNDA:2,(anonymous_4)
FNDA:2,(anonymous_5)
FNDA:1,(anonymous_6)
FNDA:2,(anonymous_7)
FNDA:0,(anonymous_8)
FNDA:0,(anonymous_9)
FNDA:1,(anonymous_10)
FNDA:1,(anonymous_11)
DA:2,5
DA:3,5
DA:5,5
DA:6,5
DA:7,5
DA:9,5
DA:10,5
DA:11,5
DA:14,15
DA:15,0
DA:19,2
DA:20,2
DA:21,2
DA:22,2
DA:23,2
DA:27,3
DA:28,1
DA:30,2
DA:31,2
DA:32,2
DA:33,2
DA:34,0
DA:35,2
DA:36,1
DA:38,1
DA:40,2
DA:41,2
DA:44,2
DA:45,2
DA:46,0
DA:51,2
DA:52,1
DA:53,1
DA:54,1
DA:58,0
DA:61,1
DA:62,1
DA:63,0
DA:65,1
DA:66,1
DA:67,1
DA:68,1
DA:69,1
DA:70,1
DA:72,0
LF:45
LH:39
BRDA:14,0,0,0
BRDA:14,0,1,15
BRDA:14,1,0,15
BRDA:14,1,1,15
BRDA:14,1,2,15
BRDA:18,2,0,2
BRDA:27,3,0,1
BRDA:27,3,1,2
BRDA:33,4,0,0
BRDA:33,4,1,2
BRDA:35,5,0,1
BRDA:35,5,1,1
BRDA:45,6,0,0
BRDA:45,6,1,2
BRDA:62,7,0,0
BRDA:62,7,1,1
BRDA:68,8,0,1
BRDA:68,8,1,0
BRF:18
BRH:13
end_of_record
TN:
SF:/Users/anthonymartin/Documents/projects/pubsub/src/subscription.ts
FN:29,(anonymous_0)
FN:35,(anonymous_1)
FN:39,(anonymous_2)
FN:42,(anonymous_3)
FN:44,(anonymous_4)
FN:47,(anonymous_5)
FN:50,(anonymous_6)
FN:53,(anonymous_7)
FN:56,(anonymous_8)
FN:59,(anonymous_9)
FNF:10
FNH:7
FNDA:3,(anonymous_0)
FNDA:0,(anonymous_1)
FNDA:1,(anonymous_2)
FNDA:0,(anonymous_3)
FNDA:0,(anonymous_4)
FNDA:5,(anonymous_5)
FNDA:3,(anonymous_6)
FNDA:1,(anonymous_7)
FNDA:3,(anonymous_8)
FNDA:7,(anonymous_9)
DA:2,3
DA:14,3
DA:15,3
DA:16,3
DA:17,3
DA:20,3
DA:27,3
DA:30,3
DA:31,3
DA:32,3
DA:36,0
DA:37,0
DA:40,1
DA:45,0
DA:48,5
DA:51,3
DA:54,1
DA:57,3
DA:60,7
LF:19
LH:16
BRF:0
BRH:0
end_of_record
TN:
SF:/Users/anthonymartin/Documents/projects/pubsub/src/topic.ts
FN:26,(anonymous_0)
FN:33,(anonymous_1)
FN:40,(anonymous_2)
FN:47,(anonymous_3)
FN:51,(anonymous_4)
FNF:5
FNH:5
FNDA:2,(anonymous_0)
FNDA:2,(anonymous_1)
FNDA:1,(anonymous_2)
FNDA:3,(anonymous_3)
FNDA:2,(anonymous_4)
DA:1,3
DA:23,3
DA:24,2
DA:27,2
DA:37,2
DA:41,1
DA:42,1
DA:43,1
DA:44,1
DA:48,3
DA:52,2
DA:53,0
LF:12
LH:11
BRDA:52,0,0,0
BRDA:52,0,1,2
BRDA:52,1,0,2
BRDA:52,1,1,2
BRF:4
BRH:3
end_of_record
